# JRE version: OpenJDK Runtime Environment Temurin-17.0.11+9 (17.0.11+9) (build 17.0.11+9)
# Java VM: OpenJDK 64-Bit Server VM Temurin-17.0.11+9 (17.0.11+9, mixed mode, tiered, compressed oops, compressed class ptrs, parallel gc, windows-amd64)
GC Precious Log:
 CPUs: 4 total, 4 available
 Memory: 7948M
 Large Page Support: Disabled
 NUMA Support: Disabled
 Compressed Oops: Enabled (32-bit)
 Alignments: Space 512K, Generation 512K, Heap 2M
 Heap Min Capacity: 100M
 Heap Initial Capacity: 100M
 Heap Max Capacity: 1G
 Pre-touch: Disabled
 Parallel Workers: 4
Heap:
 PSYoungGen      total 17920K, used 17523K [0x00000000eab00000, 0x00000000ec580000, 0x0000000100000000)
  eden space 10752K, 100% used [0x00000000eab00000,0x00000000eb580000,0x00000000eb580000)
  from space 7168K, 94% used [0x00000000ebe80000,0x00000000ec51cf78,0x00000000ec580000)
  to   space 7168K, 0% used [0x00000000eb780000,0x00000000eb780000,0x00000000ebe80000)
 ParOldGen       total 100864K, used 95454K [0x00000000c0000000, 0x00000000c6280000, 0x00000000eab00000)
  object space 100864K, 94% used [0x00000000c0000000,0x00000000c5d37b00,0x00000000c6280000)
 Metaspace       used 64992K, committed 66176K, reserved 1114112K
  class space    used 6997K, committed 7488K, reserved 1048576K
GC Heap History (20 events):
Event: 14.332 GC heap before
{Heap before GC invocations=34 (full 4):
 PSYoungGen      total 18944K, used 18464K [0x00000000eab00000, 0x00000000ec200000, 0x0000000100000000)
  eden space 17920K, 100% used [0x00000000eab00000,0x00000000ebc80000,0x00000000ebc80000)
  from space 1024K, 53% used [0x00000000ec100000,0x00000000ec188000,0x00000000ec200000)
  to   space 2048K, 0% used [0x00000000ebe00000,0x00000000ebe00000,0x00000000ec000000)
 ParOldGen       total 79872K, used 73255K [0x00000000c0000000, 0x00000000c4e00000, 0x00000000eab00000)
  object space 79872K, 91% used [0x00000000c0000000,0x00000000c4789e20,0x00000000c4e00000)
 Metaspace       used 64391K, committed 65600K, reserved 1114112K
  class space    used 6943K, committed 7424K, reserved 1048576K
}
Event: 14.393 GC heap after
{Heap after GC invocations=34 (full 4):
 PSYoungGen      total 18432K, used 0K [0x00000000eab00000, 0x00000000ec180000, 0x0000000100000000)
  eden space 17920K, 0% used [0x00000000eab00000,0x00000000eab00000,0x00000000ebc80000)
  from space 512K, 0% used [0x00000000ebe00000,0x00000000ebe00000,0x00000000ebe80000)
  to   space 2048K, 0% used [0x00000000ebf80000,0x00000000ebf80000,0x00000000ec180000)
 ParOldGen       total 100864K, used 62565K [0x00000000c0000000, 0x00000000c6280000, 0x00000000eab00000)
  object space 100864K, 62% used [0x00000000c0000000,0x00000000c3d19560,0x00000000c6280000)
 Metaspace       used 64391K, committed 65600K, reserved 1114112K
  class space    used 6943K, committed 7424K, reserved 1048576K
}
Event: 14.429 GC heap before
{Heap before GC invocations=35 (full 4):
 PSYoungGen      total 18432K, used 17920K [0x00000000eab00000, 0x00000000ec180000, 0x0000000100000000)
  eden space 17920K, 100% used [0x00000000eab00000,0x00000000ebc80000,0x00000000ebc80000)
  from space 512K, 0% used [0x00000000ebe00000,0x00000000ebe00000,0x00000000ebe80000)
  to   space 2048K, 0% used [0x00000000ebf80000,0x00000000ebf80000,0x00000000ec180000)
 ParOldGen       total 100864K, used 62565K [0x00000000c0000000, 0x00000000c6280000, 0x00000000eab00000)
  object space 100864K, 62% used [0x00000000c0000000,0x00000000c3d19560,0x00000000c6280000)
 Metaspace       used 64400K, committed 65600K, reserved 1114112K
  class space    used 6944K, committed 7424K, reserved 1048576K
}
Event: 14.432 GC heap after
{Heap after GC invocations=35 (full 4):
 PSYoungGen      total 7168K, used 2048K [0x00000000eab00000, 0x00000000edb80000, 0x0000000100000000)
  eden space 5120K, 0% used [0x00000000eab00000,0x00000000eab00000,0x00000000eb000000)
  from space 2048K, 100% used [0x00000000ebf80000,0x00000000ec180000,0x00000000ec180000)
  to   space 15872K, 0% used [0x00000000eb000000,0x00000000eb000000,0x00000000ebf80000)
 ParOldGen       total 100864K, used 74022K [0x00000000c0000000, 0x00000000c6280000, 0x00000000eab00000)
  object space 100864K, 73% used [0x00000000c0000000,0x00000000c4849b00,0x00000000c6280000)
 Metaspace       used 64400K, committed 65600K, reserved 1114112K
  class space    used 6944K, committed 7424K, reserved 1048576K
}
Event: 14.567 GC heap before
{Heap before GC invocations=36 (full 4):
 PSYoungGen      total 7168K, used 7168K [0x00000000eab00000, 0x00000000edb80000, 0x0000000100000000)
  eden space 5120K, 100% used [0x00000000eab00000,0x00000000eb000000,0x00000000eb000000)
  from space 2048K, 100% used [0x00000000ebf80000,0x00000000ec180000,0x00000000ec180000)
  to   space 15872K, 0% used [0x00000000eb000000,0x00000000eb000000,0x00000000ebf80000)
 ParOldGen       total 100864K, used 74022K [0x00000000c0000000, 0x00000000c6280000, 0x00000000eab00000)
  object space 100864K, 73% used [0x00000000c0000000,0x00000000c4849b00,0x00000000c6280000)
 Metaspace       used 64400K, committed 65600K, reserved 1114112K
  class space    used 6944K, committed 7424K, reserved 1048576K
}
Event: 14.574 GC heap after
{Heap after GC invocations=36 (full 4):
 PSYoungGen      total 8704K, used 3392K [0x00000000eab00000, 0x00000000ec000000, 0x0000000100000000)
  eden space 5120K, 0% used [0x00000000eab00000,0x00000000eab00000,0x00000000eb000000)
  from space 3584K, 94% used [0x00000000eb000000,0x00000000eb350000,0x00000000eb380000)
  to   space 7168K, 0% used [0x00000000eb900000,0x00000000eb900000,0x00000000ec000000)
 ParOldGen       total 100864K, used 76086K [0x00000000c0000000, 0x00000000c6280000, 0x00000000eab00000)
  object space 100864K, 75% used [0x00000000c0000000,0x00000000c4a4db00,0x00000000c6280000)
 Metaspace       used 64400K, committed 65600K, reserved 1114112K
  class space    used 6944K, committed 7424K, reserved 1048576K
}
Event: 14.587 GC heap before
{Heap before GC invocations=37 (full 4):
 PSYoungGen      total 8704K, used 8512K [0x00000000eab00000, 0x00000000ec000000, 0x0000000100000000)
  eden space 5120K, 100% used [0x00000000eab00000,0x00000000eb000000,0x00000000eb000000)
  from space 3584K, 94% used [0x00000000eb000000,0x00000000eb350000,0x00000000eb380000)
  to   space 7168K, 0% used [0x00000000eb900000,0x00000000eb900000,0x00000000ec000000)
 ParOldGen       total 100864K, used 76086K [0x00000000c0000000, 0x00000000c6280000, 0x00000000eab00000)
  object space 100864K, 75% used [0x00000000c0000000,0x00000000c4a4db00,0x00000000c6280000)
 Metaspace       used 64400K, committed 65600K, reserved 1114112K
  class space    used 6944K, committed 7424K, reserved 1048576K
}
Event: 14.592 GC heap after
{Heap after GC invocations=37 (full 4):
 PSYoungGen      total 7680K, used 2080K [0x00000000eab00000, 0x00000000ebb80000, 0x0000000100000000)
  eden space 5120K, 0% used [0x00000000eab00000,0x00000000eab00000,0x00000000eb000000)
  from space 2560K, 81% used [0x00000000eb900000,0x00000000ebb08000,0x00000000ebb80000)
  to   space 3584K, 0% used [0x00000000eb480000,0x00000000eb480000,0x00000000eb800000)
 ParOldGen       total 100864K, used 79398K [0x00000000c0000000, 0x00000000c6280000, 0x00000000eab00000)
  object space 100864K, 78% used [0x00000000c0000000,0x00000000c4d89b00,0x00000000c6280000)
 Metaspace       used 64400K, committed 65600K, reserved 1114112K
  class space    used 6944K, committed 7424K, reserved 1048576K
}
Event: 14.600 GC heap before
{Heap before GC invocations=38 (full 4):
 PSYoungGen      total 7680K, used 7200K [0x00000000eab00000, 0x00000000ebb80000, 0x0000000100000000)
  eden space 5120K, 100% used [0x00000000eab00000,0x00000000eb000000,0x00000000eb000000)
  from space 2560K, 81% used [0x00000000eb900000,0x00000000ebb08000,0x00000000ebb80000)
  to   space 3584K, 0% used [0x00000000eb480000,0x00000000eb480000,0x00000000eb800000)
 ParOldGen       total 100864K, used 79398K [0x00000000c0000000, 0x00000000c6280000, 0x00000000eab00000)
  object space 100864K, 78% used [0x00000000c0000000,0x00000000c4d89b00,0x00000000c6280000)
 Metaspace       used 64400K, committed 65600K, reserved 1114112K
  class space    used 6944K, committed 7424K, reserved 1048576K
}
Event: 14.604 GC heap after
{Heap after GC invocations=38 (full 4):
 PSYoungGen      total 7168K, used 1920K [0x00000000eab00000, 0x00000000eb980000, 0x0000000100000000)
  eden space 5120K, 0% used [0x00000000eab00000,0x00000000eab00000,0x00000000eb000000)
  from space 2048K, 93% used [0x00000000eb480000,0x00000000eb660000,0x00000000eb680000)
  to   space 2560K, 0% used [0x00000000eb700000,0x00000000eb700000,0x00000000eb980000)
 ParOldGen       total 100864K, used 81398K [0x00000000c0000000, 0x00000000c6280000, 0x00000000eab00000)
  object space 100864K, 80% used [0x00000000c0000000,0x00000000c4f7db00,0x00000000c6280000)
 Metaspace       used 64400K, committed 65600K, reserved 1114112K
  class space    used 6944K, committed 7424K, reserved 1048576K
}
Event: 14.611 GC heap before
{Heap before GC invocations=39 (full 4):
 PSYoungGen      total 7168K, used 7040K [0x00000000eab00000, 0x00000000eb980000, 0x0000000100000000)
  eden space 5120K, 100% used [0x00000000eab00000,0x00000000eb000000,0x00000000eb000000)
  from space 2048K, 93% used [0x00000000eb480000,0x00000000eb660000,0x00000000eb680000)
  to   space 2560K, 0% used [0x00000000eb700000,0x00000000eb700000,0x00000000eb980000)
 ParOldGen       total 100864K, used 81398K [0x00000000c0000000, 0x00000000c6280000, 0x00000000eab00000)
  object space 100864K, 80% used [0x00000000c0000000,0x00000000c4f7db00,0x00000000c6280000)
 Metaspace       used 64400K, committed 65600K, reserved 1114112K
  class space    used 6944K, committed 7424K, reserved 1048576K
}
Event: 14.615 GC heap after
{Heap after GC invocations=39 (full 4):
 PSYoungGen      total 8704K, used 2016K [0x00000000eab00000, 0x00000000eb900000, 0x0000000100000000)
  eden space 6656K, 0% used [0x00000000eab00000,0x00000000eab00000,0x00000000eb180000)
  from space 2048K, 98% used [0x00000000eb700000,0x00000000eb8f8000,0x00000000eb900000)
  to   space 2048K, 0% used [0x00000000eb500000,0x00000000eb500000,0x00000000eb700000)
 ParOldGen       total 100864K, used 83254K [0x00000000c0000000, 0x00000000c6280000, 0x00000000eab00000)
  object space 100864K, 82% used [0x00000000c0000000,0x00000000c514db00,0x00000000c6280000)
 Metaspace       used 64400K, committed 65600K, reserved 1114112K
  class space    used 6944K, committed 7424K, reserved 1048576K
}
Event: 14.624 GC heap before
{Heap before GC invocations=40 (full 4):
 PSYoungGen      total 8704K, used 8672K [0x00000000eab00000, 0x00000000eb900000, 0x0000000100000000)
  eden space 6656K, 100% used [0x00000000eab00000,0x00000000eb180000,0x00000000eb180000)
  from space 2048K, 98% used [0x00000000eb700000,0x00000000eb8f8000,0x00000000eb900000)
  to   space 2048K, 0% used [0x00000000eb500000,0x00000000eb500000,0x00000000eb700000)
 ParOldGen       total 100864K, used 83254K [0x00000000c0000000, 0x00000000c6280000, 0x00000000eab00000)
  object space 100864K, 82% used [0x00000000c0000000,0x00000000c514db00,0x00000000c6280000)
 Metaspace       used 64400K, committed 65600K, reserved 1114112K
  class space    used 6944K, committed 7424K, reserved 1048576K
}
Event: 14.628 GC heap after
{Heap after GC invocations=40 (full 4):
 PSYoungGen      total 10752K, used 2048K [0x00000000eab00000, 0x00000000ebd80000, 0x0000000100000000)
  eden space 8704K, 0% used [0x00000000eab00000,0x00000000eab00000,0x00000000eb380000)
  from space 2048K, 100% used [0x00000000eb500000,0x00000000eb700000,0x00000000eb700000)
  to   space 5120K, 0% used [0x00000000eb880000,0x00000000eb880000,0x00000000ebd80000)
 ParOldGen       total 100864K, used 85574K [0x00000000c0000000, 0x00000000c6280000, 0x00000000eab00000)
  object space 100864K, 84% used [0x00000000c0000000,0x00000000c5391b00,0x00000000c6280000)
 Metaspace       used 64400K, committed 65600K, reserved 1114112K
  class space    used 6944K, committed 7424K, reserved 1048576K
}
Event: 14.666 GC heap before
{Heap before GC invocations=41 (full 4):
 PSYoungGen      total 10752K, used 10752K [0x00000000eab00000, 0x00000000ebd80000, 0x0000000100000000)
  eden space 8704K, 100% used [0x00000000eab00000,0x00000000eb380000,0x00000000eb380000)
  from space 2048K, 100% used [0x00000000eb500000,0x00000000eb700000,0x00000000eb700000)
  to   space 5120K, 0% used [0x00000000eb880000,0x00000000eb880000,0x00000000ebd80000)
 ParOldGen       total 100864K, used 85574K [0x00000000c0000000, 0x00000000c6280000, 0x00000000eab00000)
  object space 100864K, 84% used [0x00000000c0000000,0x00000000c5391b00,0x00000000c6280000)
 Metaspace       used 64400K, committed 65600K, reserved 1114112K
  class space    used 6944K, committed 7424K, reserved 1048576K
}
Event: 14.671 GC heap after
{Heap after GC invocations=41 (full 4):
 PSYoungGen      total 14336K, used 2240K [0x00000000eab00000, 0x00000000ebc00000, 0x0000000100000000)
  eden space 10752K, 0% used [0x00000000eab00000,0x00000000eab00000,0x00000000eb580000)
  from space 3584K, 62% used [0x00000000eb880000,0x00000000ebab0000,0x00000000ebc00000)
  to   space 3072K, 0% used [0x00000000eb580000,0x00000000eb580000,0x00000000eb880000)
 ParOldGen       total 100864K, used 87638K [0x00000000c0000000, 0x00000000c6280000, 0x00000000eab00000)
  object space 100864K, 86% used [0x00000000c0000000,0x00000000c5595b00,0x00000000c6280000)
 Metaspace       used 64400K, committed 65600K, reserved 1114112K
  class space    used 6944K, committed 7424K, reserved 1048576K
}
Event: 14.706 GC heap before
{Heap before GC invocations=42 (full 4):
 PSYoungGen      total 14336K, used 12992K [0x00000000eab00000, 0x00000000ebc00000, 0x0000000100000000)
  eden space 10752K, 100% used [0x00000000eab00000,0x00000000eb580000,0x00000000eb580000)
  from space 3584K, 62% used [0x00000000eb880000,0x00000000ebab0000,0x00000000ebc00000)
  to   space 3072K, 0% used [0x00000000eb580000,0x00000000eb580000,0x00000000eb880000)
 ParOldGen       total 100864K, used 87638K [0x00000000c0000000, 0x00000000c6280000, 0x00000000eab00000)
  object space 100864K, 86% used [0x00000000c0000000,0x00000000c5595b00,0x00000000c6280000)
 Metaspace       used 64500K, committed 65664K, reserved 1114112K
  class space    used 6953K, committed 7424K, reserved 1048576K
}
Event: 14.712 GC heap after
{Heap after GC invocations=42 (full 4):
 PSYoungGen      total 13824K, used 3072K [0x00000000eab00000, 0x00000000ec780000, 0x0000000100000000)
  eden space 10752K, 0% used [0x00000000eab00000,0x00000000eab00000,0x00000000eb580000)
  from space 3072K, 100% used [0x00000000eb580000,0x00000000eb880000,0x00000000eb880000)
  to   space 9216K, 0% used [0x00000000ebe80000,0x00000000ebe80000,0x00000000ec780000)
 ParOldGen       total 100864K, used 92382K [0x00000000c0000000, 0x00000000c6280000, 0x00000000eab00000)
  object space 100864K, 91% used [0x00000000c0000000,0x00000000c5a37b00,0x00000000c6280000)
 Metaspace       used 64500K, committed 65664K, reserved 1114112K
  class space    used 6953K, committed 7424K, reserved 1048576K
}
Event: 14.794 GC heap before
{Heap before GC invocations=43 (full 4):
 PSYoungGen      total 13824K, used 13824K [0x00000000eab00000, 0x00000000ec780000, 0x0000000100000000)
  eden space 10752K, 100% used [0x00000000eab00000,0x00000000eb580000,0x00000000eb580000)
  from space 3072K, 100% used [0x00000000eb580000,0x00000000eb880000,0x00000000eb880000)
  to   space 9216K, 0% used [0x00000000ebe80000,0x00000000ebe80000,0x00000000ec780000)
 ParOldGen       total 100864K, used 92382K [0x00000000c0000000, 0x00000000c6280000, 0x00000000eab00000)
  object space 100864K, 91% used [0x00000000c0000000,0x00000000c5a37b00,0x00000000c6280000)
 Metaspace       used 64745K, committed 65920K, reserved 1114112K
  class space    used 6966K, committed 7424K, reserved 1048576K
}
Event: 14.802 GC heap after
{Heap after GC invocations=43 (full 4):
 PSYoungGen      total 17920K, used 6771K [0x00000000eab00000, 0x00000000ec580000, 0x0000000100000000)
  eden space 10752K, 0% used [0x00000000eab00000,0x00000000eab00000,0x00000000eb580000)
  from space 7168K, 94% used [0x00000000ebe80000,0x00000000ec51cf78,0x00000000ec580000)
  to   space 7168K, 0% used [0x00000000eb780000,0x00000000eb780000,0x00000000ebe80000)
 ParOldGen       total 100864K, used 95454K [0x00000000c0000000, 0x00000000c6280000, 0x00000000eab00000)
  object space 100864K, 94% used [0x00000000c0000000,0x00000000c5d37b00,0x00000000c6280000)
 Metaspace       used 64745K, committed 65920K, reserved 1114112K
  class space    used 6966K, committed 7424K, reserved 1048576K
}

