# JRE version: OpenJDK Runtime Environment Temurin-17.0.11+9 (17.0.11+9) (build 17.0.11+9)
# Java VM: OpenJDK 64-Bit Server VM Temurin-17.0.11+9 (17.0.11+9, mixed mode, tiered, compressed oops, compressed class ptrs, parallel gc, windows-amd64)
GC Precious Log:
 CPUs: 4 total, 4 available
 Memory: 7948M
 Large Page Support: Disabled
 NUMA Support: Disabled
 Compressed Oops: Enabled (32-bit)
 Alignments: Space 512K, Generation 512K, Heap 2M
 Heap Min Capacity: 100M
 Heap Initial Capacity: 100M
 Heap Max Capacity: 1G
 Pre-touch: Disabled
 Parallel Workers: 4
Heap:
 PSYoungGen      total 6144K, used 5173K [0x00000000eab00000, 0x00000000eb300000, 0x0000000100000000)
  eden space 5632K, 87% used [0x00000000eab00000,0x00000000eafcd550,0x00000000eb080000)
  from space 512K, 50% used [0x00000000eb100000,0x00000000eb140000,0x00000000eb180000)
  to   space 1024K, 0% used [0x00000000eb200000,0x00000000eb200000,0x00000000eb300000)
 ParOldGen       total 252928K, used 236546K [0x00000000c0000000, 0x00000000cf700000, 0x00000000eab00000)
  object space 252928K, 93% used [0x00000000c0000000,0x00000000ce700af8,0x00000000cf700000)
 Metaspace       used 100958K, committed 102272K, reserved 1179648K
  class space    used 9863K, committed 10496K, reserved 1048576K
GC Heap History (20 events):
Event: 2939.301 GC heap before
{Heap before GC invocations=13047 (full 272):
 PSYoungGen      total 6144K, used 4600K [0x00000000eab00000, 0x00000000eb500000, 0x0000000100000000)
  eden space 5632K, 72% used [0x00000000eab00000,0x00000000eaeffcf8,0x00000000eb080000)
  from space 512K, 98% used [0x00000000eb400000,0x00000000eb47e438,0x00000000eb480000)
  to   space 512K, 0% used [0x00000000eb480000,0x00000000eb480000,0x00000000eb500000)
 ParOldGen       total 252928K, used 228892K [0x00000000c0000000, 0x00000000cf700000, 0x00000000eab00000)
  object space 252928K, 90% used [0x00000000c0000000,0x00000000cdf872b0,0x00000000cf700000)
 Metaspace       used 100913K, committed 102272K, reserved 1179648K
  class space    used 9858K, committed 10496K, reserved 1048576K
}
Event: 2939.302 GC heap after
{Heap after GC invocations=13047 (full 272):
 PSYoungGen      total 6144K, used 505K [0x00000000eab00000, 0x00000000eb500000, 0x0000000100000000)
  eden space 5632K, 0% used [0x00000000eab00000,0x00000000eab00000,0x00000000eb080000)
  from space 512K, 98% used [0x00000000eb480000,0x00000000eb4fe438,0x00000000eb500000)
  to   space 1536K, 0% used [0x00000000eb200000,0x00000000eb200000,0x00000000eb380000)
 ParOldGen       total 252928K, used 229487K [0x00000000c0000000, 0x00000000cf700000, 0x00000000eab00000)
  object space 252928K, 90% used [0x00000000c0000000,0x00000000ce01bfe8,0x00000000cf700000)
 Metaspace       used 100913K, committed 102272K, reserved 1179648K
  class space    used 9858K, committed 10496K, reserved 1048576K
}
Event: 2939.954 GC heap before
{Heap before GC invocations=13048 (full 272):
 PSYoungGen      total 6144K, used 6137K [0x00000000eab00000, 0x00000000eb500000, 0x0000000100000000)
  eden space 5632K, 100% used [0x00000000eab00000,0x00000000eb080000,0x00000000eb080000)
  from space 512K, 98% used [0x00000000eb480000,0x00000000eb4fe438,0x00000000eb500000)
  to   space 1536K, 0% used [0x00000000eb200000,0x00000000eb200000,0x00000000eb380000)
 ParOldGen       total 252928K, used 229487K [0x00000000c0000000, 0x00000000cf700000, 0x00000000eab00000)
  object space 252928K, 90% used [0x00000000c0000000,0x00000000ce01bfe8,0x00000000cf700000)
 Metaspace       used 100913K, committed 102272K, reserved 1179648K
  class space    used 9858K, committed 10496K, reserved 1048576K
}
Event: 2939.956 GC heap after
{Heap after GC invocations=13048 (full 272):
 PSYoungGen      total 7168K, used 404K [0x00000000eab00000, 0x00000000eb500000, 0x0000000100000000)
  eden space 5632K, 0% used [0x00000000eab00000,0x00000000eab00000,0x00000000eb080000)
  from space 1536K, 26% used [0x00000000eb200000,0x00000000eb265088,0x00000000eb380000)
  to   space 1024K, 0% used [0x00000000eb400000,0x00000000eb400000,0x00000000eb500000)
 ParOldGen       total 252928K, used 229937K [0x00000000c0000000, 0x00000000cf700000, 0x00000000eab00000)
  object space 252928K, 90% used [0x00000000c0000000,0x00000000ce08c400,0x00000000cf700000)
 Metaspace       used 100913K, committed 102272K, reserved 1179648K
  class space    used 9858K, committed 10496K, reserved 1048576K
}
Event: 2945.643 GC heap before
{Heap before GC invocations=13049 (full 272):
 PSYoungGen      total 7168K, used 6036K [0x00000000eab00000, 0x00000000eb500000, 0x0000000100000000)
  eden space 5632K, 100% used [0x00000000eab00000,0x00000000eb080000,0x00000000eb080000)
  from space 1536K, 26% used [0x00000000eb200000,0x00000000eb265088,0x00000000eb380000)
  to   space 1024K, 0% used [0x00000000eb400000,0x00000000eb400000,0x00000000eb500000)
 ParOldGen       total 252928K, used 229937K [0x00000000c0000000, 0x00000000cf700000, 0x00000000eab00000)
  object space 252928K, 90% used [0x00000000c0000000,0x00000000ce08c400,0x00000000cf700000)
 Metaspace       used 100922K, committed 102272K, reserved 1179648K
  class space    used 9858K, committed 10496K, reserved 1048576K
}
Event: 2945.644 GC heap after
{Heap after GC invocations=13049 (full 272):
 PSYoungGen      total 6144K, used 128K [0x00000000eab00000, 0x00000000eb480000, 0x0000000100000000)
  eden space 5632K, 0% used [0x00000000eab00000,0x00000000eab00000,0x00000000eb080000)
  from space 512K, 25% used [0x00000000eb400000,0x00000000eb420000,0x00000000eb480000)
  to   space 512K, 0% used [0x00000000eb380000,0x00000000eb380000,0x00000000eb400000)
 ParOldGen       total 252928K, used 230141K [0x00000000c0000000, 0x00000000cf700000, 0x00000000eab00000)
  object space 252928K, 90% used [0x00000000c0000000,0x00000000ce0bf468,0x00000000cf700000)
 Metaspace       used 100922K, committed 102272K, reserved 1179648K
  class space    used 9858K, committed 10496K, reserved 1048576K
}
Event: 2951.221 GC heap before
{Heap before GC invocations=13050 (full 272):
 PSYoungGen      total 6144K, used 5760K [0x00000000eab00000, 0x00000000eb480000, 0x0000000100000000)
  eden space 5632K, 100% used [0x00000000eab00000,0x00000000eb080000,0x00000000eb080000)
  from space 512K, 25% used [0x00000000eb400000,0x00000000eb420000,0x00000000eb480000)
  to   space 512K, 0% used [0x00000000eb380000,0x00000000eb380000,0x00000000eb400000)
 ParOldGen       total 252928K, used 230141K [0x00000000c0000000, 0x00000000cf700000, 0x00000000eab00000)
  object space 252928K, 90% used [0x00000000c0000000,0x00000000ce0bf468,0x00000000cf700000)
 Metaspace       used 100922K, committed 102272K, reserved 1179648K
  class space    used 9858K, committed 10496K, reserved 1048576K
}
Event: 2951.222 GC heap after
{Heap after GC invocations=13050 (full 272):
 PSYoungGen      total 6144K, used 128K [0x00000000eab00000, 0x00000000eb480000, 0x0000000100000000)
  eden space 5632K, 0% used [0x00000000eab00000,0x00000000eab00000,0x00000000eb080000)
  from space 512K, 25% used [0x00000000eb380000,0x00000000eb3a0000,0x00000000eb400000)
  to   space 512K, 0% used [0x00000000eb400000,0x00000000eb400000,0x00000000eb480000)
 ParOldGen       total 252928K, used 230165K [0x00000000c0000000, 0x00000000cf700000, 0x00000000eab00000)
  object space 252928K, 91% used [0x00000000c0000000,0x00000000ce0c5468,0x00000000cf700000)
 Metaspace       used 100922K, committed 102272K, reserved 1179648K
  class space    used 9858K, committed 10496K, reserved 1048576K
}
Event: 2952.728 GC heap before
{Heap before GC invocations=13051 (full 272):
 PSYoungGen      total 6144K, used 5734K [0x00000000eab00000, 0x00000000eb480000, 0x0000000100000000)
  eden space 5632K, 99% used [0x00000000eab00000,0x00000000eb079ac0,0x00000000eb080000)
  from space 512K, 25% used [0x00000000eb380000,0x00000000eb3a0000,0x00000000eb400000)
  to   space 512K, 0% used [0x00000000eb400000,0x00000000eb400000,0x00000000eb480000)
 ParOldGen       total 252928K, used 230165K [0x00000000c0000000, 0x00000000cf700000, 0x00000000eab00000)
  object space 252928K, 91% used [0x00000000c0000000,0x00000000ce0c5468,0x00000000cf700000)
 Metaspace       used 100922K, committed 102272K, reserved 1179648K
  class space    used 9858K, committed 10496K, reserved 1048576K
}
Event: 2952.730 GC heap after
{Heap after GC invocations=13051 (full 272):
 PSYoungGen      total 6144K, used 505K [0x00000000eab00000, 0x00000000eb480000, 0x0000000100000000)
  eden space 5632K, 0% used [0x00000000eab00000,0x00000000eab00000,0x00000000eb080000)
  from space 512K, 98% used [0x00000000eb400000,0x00000000eb47e428,0x00000000eb480000)
  to   space 1024K, 0% used [0x00000000eb280000,0x00000000eb280000,0x00000000eb380000)
 ParOldGen       total 252928K, used 230426K [0x00000000c0000000, 0x00000000cf700000, 0x00000000eab00000)
  object space 252928K, 91% used [0x00000000c0000000,0x00000000ce106b40,0x00000000cf700000)
 Metaspace       used 100922K, committed 102272K, reserved 1179648K
  class space    used 9858K, committed 10496K, reserved 1048576K
}
Event: 2952.808 GC heap before
{Heap before GC invocations=13052 (full 272):
 PSYoungGen      total 6144K, used 6137K [0x00000000eab00000, 0x00000000eb480000, 0x0000000100000000)
  eden space 5632K, 100% used [0x00000000eab00000,0x00000000eb080000,0x00000000eb080000)
  from space 512K, 98% used [0x00000000eb400000,0x00000000eb47e428,0x00000000eb480000)
  to   space 1024K, 0% used [0x00000000eb280000,0x00000000eb280000,0x00000000eb380000)
 ParOldGen       total 252928K, used 230426K [0x00000000c0000000, 0x00000000cf700000, 0x00000000eab00000)
  object space 252928K, 91% used [0x00000000c0000000,0x00000000ce106b40,0x00000000cf700000)
 Metaspace       used 100922K, committed 102272K, reserved 1179648K
  class space    used 9858K, committed 10496K, reserved 1048576K
}
Event: 2952.810 GC heap after
{Heap after GC invocations=13052 (full 272):
 PSYoungGen      total 6656K, used 1017K [0x00000000eab00000, 0x00000000eb680000, 0x0000000100000000)
  eden space 5632K, 0% used [0x00000000eab00000,0x00000000eab00000,0x00000000eb080000)
  from space 1024K, 99% used [0x00000000eb280000,0x00000000eb37e468,0x00000000eb380000)
  to   space 3072K, 0% used [0x00000000eb380000,0x00000000eb380000,0x00000000eb680000)
 ParOldGen       total 252928K, used 231965K [0x00000000c0000000, 0x00000000cf700000, 0x00000000eab00000)
  object space 252928K, 91% used [0x00000000c0000000,0x00000000ce287438,0x00000000cf700000)
 Metaspace       used 100922K, committed 102272K, reserved 1179648K
  class space    used 9858K, committed 10496K, reserved 1048576K
}
Event: 2952.834 GC heap before
{Heap before GC invocations=13053 (full 272):
 PSYoungGen      total 6656K, used 6649K [0x00000000eab00000, 0x00000000eb680000, 0x0000000100000000)
  eden space 5632K, 100% used [0x00000000eab00000,0x00000000eb080000,0x00000000eb080000)
  from space 1024K, 99% used [0x00000000eb280000,0x00000000eb37e468,0x00000000eb380000)
  to   space 3072K, 0% used [0x00000000eb380000,0x00000000eb380000,0x00000000eb680000)
 ParOldGen       total 252928K, used 231965K [0x00000000c0000000, 0x00000000cf700000, 0x00000000eab00000)
  object space 252928K, 91% used [0x00000000c0000000,0x00000000ce287438,0x00000000cf700000)
 Metaspace       used 100922K, committed 102272K, reserved 1179648K
  class space    used 9858K, committed 10496K, reserved 1048576K
}
Event: 2952.837 GC heap after
{Heap after GC invocations=13053 (full 272):
 PSYoungGen      total 8192K, used 2377K [0x00000000eab00000, 0x00000000eb600000, 0x0000000100000000)
  eden space 5632K, 0% used [0x00000000eab00000,0x00000000eab00000,0x00000000eb080000)
  from space 2560K, 92% used [0x00000000eb380000,0x00000000eb5d2448,0x00000000eb600000)
  to   space 2560K, 0% used [0x00000000eb100000,0x00000000eb100000,0x00000000eb380000)
 ParOldGen       total 252928K, used 232959K [0x00000000c0000000, 0x00000000cf700000, 0x00000000eab00000)
  object space 252928K, 92% used [0x00000000c0000000,0x00000000ce37fd08,0x00000000cf700000)
 Metaspace       used 100922K, committed 102272K, reserved 1179648K
  class space    used 9858K, committed 10496K, reserved 1048576K
}
Event: 2952.934 GC heap before
{Heap before GC invocations=13054 (full 272):
 PSYoungGen      total 8192K, used 8009K [0x00000000eab00000, 0x00000000eb600000, 0x0000000100000000)
  eden space 5632K, 100% used [0x00000000eab00000,0x00000000eb080000,0x00000000eb080000)
  from space 2560K, 92% used [0x00000000eb380000,0x00000000eb5d2448,0x00000000eb600000)
  to   space 2560K, 0% used [0x00000000eb100000,0x00000000eb100000,0x00000000eb380000)
 ParOldGen       total 252928K, used 232959K [0x00000000c0000000, 0x00000000cf700000, 0x00000000eab00000)
  object space 252928K, 92% used [0x00000000c0000000,0x00000000ce37fd08,0x00000000cf700000)
 Metaspace       used 100922K, committed 102272K, reserved 1179648K
  class space    used 9858K, committed 10496K, reserved 1048576K
}
Event: 2952.936 GC heap after
{Heap after GC invocations=13054 (full 272):
 PSYoungGen      total 6144K, used 271K [0x00000000eab00000, 0x00000000eb400000, 0x0000000100000000)
  eden space 5632K, 0% used [0x00000000eab00000,0x00000000eab00000,0x00000000eb080000)
  from space 512K, 53% used [0x00000000eb100000,0x00000000eb143e98,0x00000000eb180000)
  to   space 1536K, 0% used [0x00000000eb280000,0x00000000eb280000,0x00000000eb400000)
 ParOldGen       total 252928K, used 235242K [0x00000000c0000000, 0x00000000cf700000, 0x00000000eab00000)
  object space 252928K, 93% used [0x00000000c0000000,0x00000000ce5bab18,0x00000000cf700000)
 Metaspace       used 100922K, committed 102272K, reserved 1179648K
  class space    used 9858K, committed 10496K, reserved 1048576K
}
Event: 2953.116 GC heap before
{Heap before GC invocations=13055 (full 272):
 PSYoungGen      total 6144K, used 5903K [0x00000000eab00000, 0x00000000eb400000, 0x0000000100000000)
  eden space 5632K, 100% used [0x00000000eab00000,0x00000000eb080000,0x00000000eb080000)
  from space 512K, 53% used [0x00000000eb100000,0x00000000eb143e98,0x00000000eb180000)
  to   space 1536K, 0% used [0x00000000eb280000,0x00000000eb280000,0x00000000eb400000)
 ParOldGen       total 252928K, used 235242K [0x00000000c0000000, 0x00000000cf700000, 0x00000000eab00000)
  object space 252928K, 93% used [0x00000000c0000000,0x00000000ce5bab18,0x00000000cf700000)
 Metaspace       used 100946K, committed 102272K, reserved 1179648K
  class space    used 9861K, committed 10496K, reserved 1048576K
}
Event: 2953.119 GC heap after
{Heap after GC invocations=13055 (full 272):
 PSYoungGen      total 7168K, used 1507K [0x00000000eab00000, 0x00000000eb400000, 0x0000000100000000)
  eden space 5632K, 0% used [0x00000000eab00000,0x00000000eab00000,0x00000000eb080000)
  from space 1536K, 98% used [0x00000000eb280000,0x00000000eb3f8e70,0x00000000eb400000)
  to   space 512K, 0% used [0x00000000eb100000,0x00000000eb100000,0x00000000eb180000)
 ParOldGen       total 252928K, used 235688K [0x00000000c0000000, 0x00000000cf700000, 0x00000000eab00000)
  object space 252928K, 93% used [0x00000000c0000000,0x00000000ce62a3f0,0x00000000cf700000)
 Metaspace       used 100946K, committed 102272K, reserved 1179648K
  class space    used 9861K, committed 10496K, reserved 1048576K
}
Event: 2953.131 GC heap before
{Heap before GC invocations=13056 (full 272):
 PSYoungGen      total 7168K, used 7139K [0x00000000eab00000, 0x00000000eb400000, 0x0000000100000000)
  eden space 5632K, 100% used [0x00000000eab00000,0x00000000eb080000,0x00000000eb080000)
  from space 1536K, 98% used [0x00000000eb280000,0x00000000eb3f8e70,0x00000000eb400000)
  to   space 512K, 0% used [0x00000000eb100000,0x00000000eb100000,0x00000000eb180000)
 ParOldGen       total 252928K, used 235688K [0x00000000c0000000, 0x00000000cf700000, 0x00000000eab00000)
  object space 252928K, 93% used [0x00000000c0000000,0x00000000ce62a3f0,0x00000000cf700000)
 Metaspace       used 100946K, committed 102272K, reserved 1179648K
  class space    used 9861K, committed 10496K, reserved 1048576K
}
Event: 2953.132 GC heap after
{Heap after GC invocations=13056 (full 272):
 PSYoungGen      total 6144K, used 256K [0x00000000eab00000, 0x00000000eb300000, 0x0000000100000000)
  eden space 5632K, 0% used [0x00000000eab00000,0x00000000eab00000,0x00000000eb080000)
  from space 512K, 50% used [0x00000000eb100000,0x00000000eb140000,0x00000000eb180000)
  to   space 1024K, 0% used [0x00000000eb200000,0x00000000eb200000,0x00000000eb300000)
 ParOldGen       total 252928K, used 236546K [0x00000000c0000000, 0x00000000cf700000, 0x00000000eab00000)
  object space 252928K, 93% used [0x00000000c0000000,0x00000000ce700af8,0x00000000cf700000)
 Metaspace       used 100946K, committed 102272K, reserved 1179648K
  class space    used 9861K, committed 10496K, reserved 1048576K
}

