# JRE version: OpenJDK Runtime Environment Temurin-17.0.11+9 (17.0.11+9) (build 17.0.11+9)
# Java VM: OpenJDK 64-Bit Server VM Temurin-17.0.11+9 (17.0.11+9, mixed mode, tiered, compressed oops, compressed class ptrs, parallel gc, windows-amd64)
GC Precious Log:
 CPUs: 4 total, 4 available
 Memory: 7948M
 Large Page Support: Disabled
 NUMA Support: Disabled
 Compressed Oops: Enabled (32-bit)
 Alignments: Space 512K, Generation 512K, Heap 2M
 Heap Min Capacity: 100M
 Heap Initial Capacity: 100M
 Heap Max Capacity: 1G
 Pre-touch: Disabled
 Parallel Workers: 4
Heap:
 PSYoungGen      total 20480K, used 15761K [0x00000000eab00000, 0x00000000ec800000, 0x0000000100000000)
  eden space 19968K, 76% used [0x00000000eab00000,0x00000000eb9e49b8,0x00000000ebe80000)
  from space 512K, 99% used [0x00000000ec780000,0x00000000ec7ffde0,0x00000000ec800000)
  to   space 1536K, 0% used [0x00000000ec500000,0x00000000ec500000,0x00000000ec680000)
 ParOldGen       total 68608K, used 53475K [0x00000000c0000000, 0x00000000c4300000, 0x00000000eab00000)
  object space 68608K, 77% used [0x00000000c0000000,0x00000000c3438d38,0x00000000c4300000)
 Metaspace       used 51792K, committed 52608K, reserved 1114112K
  class space    used 5040K, committed 5440K, reserved 1048576K
GC Heap History (20 events):
Event: 13.166 GC heap before
{Heap before GC invocations=35 (full 2):
 PSYoungGen      total 20480K, used 20416K [0x00000000eab00000, 0x00000000ec100000, 0x0000000100000000)
  eden space 19968K, 100% used [0x00000000eab00000,0x00000000ebe80000,0x00000000ebe80000)
  from space 512K, 87% used [0x00000000ec080000,0x00000000ec0f0000,0x00000000ec100000)
  to   space 1024K, 0% used [0x00000000ebf00000,0x00000000ebf00000,0x00000000ec000000)
 ParOldGen       total 68608K, used 36058K [0x00000000c0000000, 0x00000000c4300000, 0x00000000eab00000)
  object space 68608K, 52% used [0x00000000c0000000,0x00000000c2336900,0x00000000c4300000)
 Metaspace       used 47523K, committed 48256K, reserved 1114112K
  class space    used 4743K, committed 5120K, reserved 1048576K
}
Event: 13.171 GC heap after
{Heap after GC invocations=35 (full 2):
 PSYoungGen      total 20992K, used 1007K [0x00000000eab00000, 0x00000000ec980000, 0x0000000100000000)
  eden space 19968K, 0% used [0x00000000eab00000,0x00000000eab00000,0x00000000ebe80000)
  from space 1024K, 98% used [0x00000000ebf00000,0x00000000ebffbc50,0x00000000ec000000)
  to   space 5632K, 0% used [0x00000000ec400000,0x00000000ec400000,0x00000000ec980000)
 ParOldGen       total 68608K, used 39865K [0x00000000c0000000, 0x00000000c4300000, 0x00000000eab00000)
  object space 68608K, 58% used [0x00000000c0000000,0x00000000c26ee738,0x00000000c4300000)
 Metaspace       used 47523K, committed 48256K, reserved 1114112K
  class space    used 4743K, committed 5120K, reserved 1048576K
}
Event: 13.838 GC heap before
{Heap before GC invocations=36 (full 2):
 PSYoungGen      total 20992K, used 20975K [0x00000000eab00000, 0x00000000ec980000, 0x0000000100000000)
  eden space 19968K, 100% used [0x00000000eab00000,0x00000000ebe80000,0x00000000ebe80000)
  from space 1024K, 98% used [0x00000000ebf00000,0x00000000ebffbc50,0x00000000ec000000)
  to   space 5632K, 0% used [0x00000000ec400000,0x00000000ec400000,0x00000000ec980000)
 ParOldGen       total 68608K, used 39865K [0x00000000c0000000, 0x00000000c4300000, 0x00000000eab00000)
  object space 68608K, 58% used [0x00000000c0000000,0x00000000c26ee738,0x00000000c4300000)
 Metaspace       used 48378K, committed 49216K, reserved 1114112K
  class space    used 4787K, committed 5184K, reserved 1048576K
}
Event: 13.845 GC heap after
{Heap after GC invocations=36 (full 2):
 PSYoungGen      total 25088K, used 4615K [0x00000000eab00000, 0x00000000ec900000, 0x0000000100000000)
  eden space 19968K, 0% used [0x00000000eab00000,0x00000000eab00000,0x00000000ebe80000)
  from space 5120K, 90% used [0x00000000ec400000,0x00000000ec881e20,0x00000000ec900000)
  to   space 5120K, 0% used [0x00000000ebf00000,0x00000000ebf00000,0x00000000ec400000)
 ParOldGen       total 68608K, used 40868K [0x00000000c0000000, 0x00000000c4300000, 0x00000000eab00000)
  object space 68608K, 59% used [0x00000000c0000000,0x00000000c27e93d0,0x00000000c4300000)
 Metaspace       used 48378K, committed 49216K, reserved 1114112K
  class space    used 4787K, committed 5184K, reserved 1048576K
}
Event: 15.364 GC heap before
{Heap before GC invocations=37 (full 2):
 PSYoungGen      total 25088K, used 24583K [0x00000000eab00000, 0x00000000ec900000, 0x0000000100000000)
  eden space 19968K, 100% used [0x00000000eab00000,0x00000000ebe80000,0x00000000ebe80000)
  from space 5120K, 90% used [0x00000000ec400000,0x00000000ec881e20,0x00000000ec900000)
  to   space 5120K, 0% used [0x00000000ebf00000,0x00000000ebf00000,0x00000000ec400000)
 ParOldGen       total 68608K, used 40868K [0x00000000c0000000, 0x00000000c4300000, 0x00000000eab00000)
  object space 68608K, 59% used [0x00000000c0000000,0x00000000c27e93d0,0x00000000c4300000)
 Metaspace       used 49588K, committed 50368K, reserved 1114112K
  class space    used 4883K, committed 5248K, reserved 1048576K
}
Event: 15.374 GC heap after
{Heap after GC invocations=37 (full 2):
 PSYoungGen      total 25088K, used 5102K [0x00000000eab00000, 0x00000000ed480000, 0x0000000100000000)
  eden space 19968K, 0% used [0x00000000eab00000,0x00000000eab00000,0x00000000ebe80000)
  from space 5120K, 99% used [0x00000000ebf00000,0x00000000ec3fbb50,0x00000000ec400000)
  to   space 11264K, 0% used [0x00000000ec980000,0x00000000ec980000,0x00000000ed480000)
 ParOldGen       total 68608K, used 45666K [0x00000000c0000000, 0x00000000c4300000, 0x00000000eab00000)
  object space 68608K, 66% used [0x00000000c0000000,0x00000000c2c98868,0x00000000c4300000)
 Metaspace       used 49588K, committed 50368K, reserved 1114112K
  class space    used 4883K, committed 5248K, reserved 1048576K
}
Event: 16.560 GC heap before
{Heap before GC invocations=38 (full 2):
 PSYoungGen      total 25088K, used 25070K [0x00000000eab00000, 0x00000000ed480000, 0x0000000100000000)
  eden space 19968K, 100% used [0x00000000eab00000,0x00000000ebe80000,0x00000000ebe80000)
  from space 5120K, 99% used [0x00000000ebf00000,0x00000000ec3fbb50,0x00000000ec400000)
  to   space 11264K, 0% used [0x00000000ec980000,0x00000000ec980000,0x00000000ed480000)
 ParOldGen       total 68608K, used 45666K [0x00000000c0000000, 0x00000000c4300000, 0x00000000eab00000)
  object space 68608K, 66% used [0x00000000c0000000,0x00000000c2c98868,0x00000000c4300000)
 Metaspace       used 50654K, committed 51456K, reserved 1114112K
  class space    used 4953K, committed 5312K, reserved 1048576K
}
Event: 16.570 GC heap after
{Heap after GC invocations=38 (full 2):
 PSYoungGen      total 24576K, used 4102K [0x00000000eab00000, 0x00000000ece00000, 0x0000000100000000)
  eden space 19968K, 0% used [0x00000000eab00000,0x00000000eab00000,0x00000000ebe80000)
  from space 4608K, 89% used [0x00000000ec980000,0x00000000ecd81a90,0x00000000ece00000)
  to   space 6656K, 0% used [0x00000000ec100000,0x00000000ec100000,0x00000000ec780000)
 ParOldGen       total 68608K, used 50483K [0x00000000c0000000, 0x00000000c4300000, 0x00000000eab00000)
  object space 68608K, 73% used [0x00000000c0000000,0x00000000c314ce08,0x00000000c4300000)
 Metaspace       used 50654K, committed 51456K, reserved 1114112K
  class space    used 4953K, committed 5312K, reserved 1048576K
}
Event: 17.802 GC heap before
{Heap before GC invocations=39 (full 2):
 PSYoungGen      total 24576K, used 24070K [0x00000000eab00000, 0x00000000ece00000, 0x0000000100000000)
  eden space 19968K, 99% used [0x00000000eab00000,0x00000000ebe7fef8,0x00000000ebe80000)
  from space 4608K, 89% used [0x00000000ec980000,0x00000000ecd81a90,0x00000000ece00000)
  to   space 6656K, 0% used [0x00000000ec100000,0x00000000ec100000,0x00000000ec780000)
 ParOldGen       total 68608K, used 50483K [0x00000000c0000000, 0x00000000c4300000, 0x00000000eab00000)
  object space 68608K, 73% used [0x00000000c0000000,0x00000000c314ce08,0x00000000c4300000)
 Metaspace       used 50893K, committed 51776K, reserved 1114112K
  class space    used 4964K, committed 5376K, reserved 1048576K
}
Event: 17.807 GC heap after
{Heap after GC invocations=39 (full 2):
 PSYoungGen      total 26624K, used 359K [0x00000000eab00000, 0x00000000eca00000, 0x0000000100000000)
  eden space 19968K, 0% used [0x00000000eab00000,0x00000000eab00000,0x00000000ebe80000)
  from space 6656K, 5% used [0x00000000ec100000,0x00000000ec159d70,0x00000000ec780000)
  to   space 2560K, 0% used [0x00000000ec780000,0x00000000ec780000,0x00000000eca00000)
 ParOldGen       total 68608K, used 52500K [0x00000000c0000000, 0x00000000c4300000, 0x00000000eab00000)
  object space 68608K, 76% used [0x00000000c0000000,0x00000000c3345080,0x00000000c4300000)
 Metaspace       used 50893K, committed 51776K, reserved 1114112K
  class space    used 4964K, committed 5376K, reserved 1048576K
}
Event: 18.462 GC heap before
{Heap before GC invocations=40 (full 2):
 PSYoungGen      total 26624K, used 20327K [0x00000000eab00000, 0x00000000eca00000, 0x0000000100000000)
  eden space 19968K, 100% used [0x00000000eab00000,0x00000000ebe80000,0x00000000ebe80000)
  from space 6656K, 5% used [0x00000000ec100000,0x00000000ec159d70,0x00000000ec780000)
  to   space 2560K, 0% used [0x00000000ec780000,0x00000000ec780000,0x00000000eca00000)
 ParOldGen       total 68608K, used 52500K [0x00000000c0000000, 0x00000000c4300000, 0x00000000eab00000)
  object space 68608K, 76% used [0x00000000c0000000,0x00000000c3345080,0x00000000c4300000)
 Metaspace       used 50946K, committed 51840K, reserved 1114112K
  class space    used 4965K, committed 5376K, reserved 1048576K
}
Event: 18.463 GC heap after
{Heap after GC invocations=40 (full 2):
 PSYoungGen      total 20480K, used 255K [0x00000000eab00000, 0x00000000ec800000, 0x0000000100000000)
  eden space 19968K, 0% used [0x00000000eab00000,0x00000000eab00000,0x00000000ebe80000)
  from space 512K, 49% used [0x00000000ec780000,0x00000000ec7bfe90,0x00000000ec800000)
  to   space 1024K, 0% used [0x00000000ec600000,0x00000000ec600000,0x00000000ec700000)
 ParOldGen       total 68608K, used 52675K [0x00000000c0000000, 0x00000000c4300000, 0x00000000eab00000)
  object space 68608K, 76% used [0x00000000c0000000,0x00000000c3370e98,0x00000000c4300000)
 Metaspace       used 50946K, committed 51840K, reserved 1114112K
  class space    used 4965K, committed 5376K, reserved 1048576K
}
Event: 18.636 GC heap before
{Heap before GC invocations=41 (full 2):
 PSYoungGen      total 20480K, used 20204K [0x00000000eab00000, 0x00000000ec800000, 0x0000000100000000)
  eden space 19968K, 99% used [0x00000000eab00000,0x00000000ebe7b4b8,0x00000000ebe80000)
  from space 512K, 49% used [0x00000000ec780000,0x00000000ec7bfe90,0x00000000ec800000)
  to   space 1024K, 0% used [0x00000000ec600000,0x00000000ec600000,0x00000000ec700000)
 ParOldGen       total 68608K, used 52675K [0x00000000c0000000, 0x00000000c4300000, 0x00000000eab00000)
  object space 68608K, 76% used [0x00000000c0000000,0x00000000c3370e98,0x00000000c4300000)
 Metaspace       used 50979K, committed 51840K, reserved 1114112K
  class space    used 4965K, committed 5376K, reserved 1048576K
}
Event: 18.637 GC heap after
{Heap after GC invocations=41 (full 2):
 PSYoungGen      total 20992K, used 64K [0x00000000eab00000, 0x00000000ec800000, 0x0000000100000000)
  eden space 19968K, 0% used [0x00000000eab00000,0x00000000eab00000,0x00000000ebe80000)
  from space 1024K, 6% used [0x00000000ec600000,0x00000000ec610000,0x00000000ec700000)
  to   space 512K, 0% used [0x00000000ec780000,0x00000000ec780000,0x00000000ec800000)
 ParOldGen       total 68608K, used 52851K [0x00000000c0000000, 0x00000000c4300000, 0x00000000eab00000)
  object space 68608K, 77% used [0x00000000c0000000,0x00000000c339cd28,0x00000000c4300000)
 Metaspace       used 50979K, committed 51840K, reserved 1114112K
  class space    used 4965K, committed 5376K, reserved 1048576K
}
Event: 18.666 GC heap before
{Heap before GC invocations=42 (full 2):
 PSYoungGen      total 20992K, used 20032K [0x00000000eab00000, 0x00000000ec800000, 0x0000000100000000)
  eden space 19968K, 100% used [0x00000000eab00000,0x00000000ebe80000,0x00000000ebe80000)
  from space 1024K, 6% used [0x00000000ec600000,0x00000000ec610000,0x00000000ec700000)
  to   space 512K, 0% used [0x00000000ec780000,0x00000000ec780000,0x00000000ec800000)
 ParOldGen       total 68608K, used 52851K [0x00000000c0000000, 0x00000000c4300000, 0x00000000eab00000)
  object space 68608K, 77% used [0x00000000c0000000,0x00000000c339cd28,0x00000000c4300000)
 Metaspace       used 50981K, committed 51840K, reserved 1114112K
  class space    used 4965K, committed 5376K, reserved 1048576K
}
Event: 18.667 GC heap after
{Heap after GC invocations=42 (full 2):
 PSYoungGen      total 20480K, used 127K [0x00000000eab00000, 0x00000000ec800000, 0x0000000100000000)
  eden space 19968K, 0% used [0x00000000eab00000,0x00000000eab00000,0x00000000ebe80000)
  from space 512K, 24% used [0x00000000ec780000,0x00000000ec79ff48,0x00000000ec800000)
  to   space 512K, 0% used [0x00000000ec700000,0x00000000ec700000,0x00000000ec780000)
 ParOldGen       total 68608K, used 52875K [0x00000000c0000000, 0x00000000c4300000, 0x00000000eab00000)
  object space 68608K, 77% used [0x00000000c0000000,0x00000000c33a2d28,0x00000000c4300000)
 Metaspace       used 50981K, committed 51840K, reserved 1114112K
  class space    used 4965K, committed 5376K, reserved 1048576K
}
Event: 20.048 GC heap before
{Heap before GC invocations=43 (full 2):
 PSYoungGen      total 20480K, used 20095K [0x00000000eab00000, 0x00000000ec800000, 0x0000000100000000)
  eden space 19968K, 100% used [0x00000000eab00000,0x00000000ebe80000,0x00000000ebe80000)
  from space 512K, 24% used [0x00000000ec780000,0x00000000ec79ff48,0x00000000ec800000)
  to   space 512K, 0% used [0x00000000ec700000,0x00000000ec700000,0x00000000ec780000)
 ParOldGen       total 68608K, used 52875K [0x00000000c0000000, 0x00000000c4300000, 0x00000000eab00000)
  object space 68608K, 77% used [0x00000000c0000000,0x00000000c33a2d28,0x00000000c4300000)
 Metaspace       used 51070K, committed 51904K, reserved 1114112K
  class space    used 4967K, committed 5376K, reserved 1048576K
}
Event: 20.052 GC heap after
{Heap after GC invocations=43 (full 2):
 PSYoungGen      total 20480K, used 511K [0x00000000eab00000, 0x00000000ec800000, 0x0000000100000000)
  eden space 19968K, 0% used [0x00000000eab00000,0x00000000eab00000,0x00000000ebe80000)
  from space 512K, 99% used [0x00000000ec700000,0x00000000ec77fde8,0x00000000ec780000)
  to   space 512K, 0% used [0x00000000ec780000,0x00000000ec780000,0x00000000ec800000)
 ParOldGen       total 68608K, used 52899K [0x00000000c0000000, 0x00000000c4300000, 0x00000000eab00000)
  object space 68608K, 77% used [0x00000000c0000000,0x00000000c33a8d28,0x00000000c4300000)
 Metaspace       used 51070K, committed 51904K, reserved 1114112K
  class space    used 4967K, committed 5376K, reserved 1048576K
}
Event: 22.056 GC heap before
{Heap before GC invocations=44 (full 2):
 PSYoungGen      total 20480K, used 20473K [0x00000000eab00000, 0x00000000ec800000, 0x0000000100000000)
  eden space 19968K, 99% used [0x00000000eab00000,0x00000000ebe7e8b0,0x00000000ebe80000)
  from space 512K, 99% used [0x00000000ec700000,0x00000000ec77fde8,0x00000000ec780000)
  to   space 512K, 0% used [0x00000000ec780000,0x00000000ec780000,0x00000000ec800000)
 ParOldGen       total 68608K, used 52899K [0x00000000c0000000, 0x00000000c4300000, 0x00000000eab00000)
  object space 68608K, 77% used [0x00000000c0000000,0x00000000c33a8d28,0x00000000c4300000)
 Metaspace       used 51337K, committed 52160K, reserved 1114112K
  class space    used 4985K, committed 5376K, reserved 1048576K
}
Event: 22.058 GC heap after
{Heap after GC invocations=44 (full 2):
 PSYoungGen      total 20480K, used 511K [0x00000000eab00000, 0x00000000ec800000, 0x0000000100000000)
  eden space 19968K, 0% used [0x00000000eab00000,0x00000000eab00000,0x00000000ebe80000)
  from space 512K, 99% used [0x00000000ec780000,0x00000000ec7ffde0,0x00000000ec800000)
  to   space 1536K, 0% used [0x00000000ec500000,0x00000000ec500000,0x00000000ec680000)
 ParOldGen       total 68608K, used 53475K [0x00000000c0000000, 0x00000000c4300000, 0x00000000eab00000)
  object space 68608K, 77% used [0x00000000c0000000,0x00000000c3438d38,0x00000000c4300000)
 Metaspace       used 51337K, committed 52160K, reserved 1114112K
  class space    used 4985K, committed 5376K, reserved 1048576K
}

